
The following have been reloaded with a version change:
  1) cudnn/8.8.1.3 => cudnn/8.9.2.26

2023-10-23 19:22:46.294685: I tensorflow/core/platform/cpu_feature_guard.cc:182] This TensorFlow binary is optimized to use available CPU instructions in performance-critical operations.
To enable the following instructions: AVX2 FMA, in other operations, rebuild TensorFlow with the appropriate compiler flags.
2023-10-23 19:22:48.088752: W tensorflow/compiler/tf2tensorrt/utils/py_utils.cc:38] TF-TRT Warning: Could not find TensorRT
231010_RPE1_cycling_1_MMStack_Default.ome.tif
/nfs/nas22/fs2202/biol_bc_kleele_2/Joshua/iSIM/231010_RPE1_cycling_1/231010_RPE1_cycling_1_MMStack_Default.ome.tif
SHAPE (1, 27, 2, 1532, 2140)
88419843
No destripe specified.
3D images, sigma:  [2.4, 1.6702355460385439, 1.6702355460385439]
  0%|          | 0/1 [00:00<?, ?it/s]2023-10-23 19:23:09.290866: I tensorflow/core/common_runtime/gpu/gpu_process_state.cc:226] Using CUDA malloc Async allocator for GPU: 0
2023-10-23 19:23:09.291242: I tensorflow/core/common_runtime/gpu/gpu_device.cc:1635] Created device /job:localhost/replica:0/task:0/device:GPU:0 with 22712 MB memory:  -> device: 0, name: Quadro RTX 6000, pci bus id: 0000:01:00.0, compute capability: 7.5
2023-10-23 19:23:09.432341: I tensorflow/compiler/mlir/mlir_graph_optimization_pass.cc:353] MLIR V1 optimization pass is not enabled
2023-10-23 19:23:27.446541: I tensorflow/core/common_runtime/gpu/gpu_device.cc:1635] Created device /job:localhost/replica:0/task:0/device:GPU:0 with 22712 MB memory:  -> device: 0, name: Quadro RTX 6000, pci bus id: 0000:01:00.0, compute capability: 7.5
100%|██████████| 1/1 [00:36<00:00, 36.94s/it]100%|██████████| 1/1 [00:36<00:00, 36.94s/it]
<tifffile.TiffWriter '231010_RPE1_cyc…lt_decon.ome.tif'> not writing extratag 50838
<tifffile.TiffWriter '231010_RPE1_cyc…lt_decon.ome.tif'> not writing extratag 50839
<tifffile.TiffWriter '231010_RPE1_cyc…lt_decon.ome.tif'> not writing extratag 279
DECON SHAPE  (1, 27, 2, 1532, 2140)
